[2016-04-03 22:32:53] START
[2016-04-05 15:40:21] CREATE 3_validators.py: 0
[2016-04-05 15:45:16] EDIT yearbook/models/2_tables.py: 9
[2016-04-05 15:47:24] EDIT yearbook/models/2_tables.py: 0
[2016-04-05 15:47:26] EDIT yearbook/models/2_tables.py: 0
[2016-04-05 15:47:43] EDIT yearbook/models/2_tables.py: 0
[2016-04-05 15:48:45] EDIT yearbook/models/2_tables.py: 0
[2016-04-05 15:53:26] EDIT yearbook/models/2_tables.py: 0
[2016-04-05 15:54:52] EDIT yearbook/models/2_tables.py: 0
[2016-04-05 15:55:01] EDIT yearbook/models/2_tables.py: 0
[2016-04-05 15:55:12] EDIT yearbook/models/2_tables.py: -1
[2016-04-05 15:56:51] EDIT yearbook/models/2_tables.py: 0
[2016-04-05 15:58:25] EDIT yearbook/models/2_tables.py: 0
[2016-04-05 16:20:48] EDIT yearbook/models/2_tables.py: 4
[2016-04-05 16:21:36] EDIT yearbook/models/2_tables.py: 3
[2016-04-05 16:22:03] EDIT yearbook/models/2_tables.py: 1
[2016-04-05 16:32:22] EDIT yearbook/models/3_validators.py: 4
[2016-04-05 17:06:21] EDIT yearbook/models/3_validators.py: 0
[2016-04-10 12:08:17] EDIT yearbook/views/layout.html: 1
[2016-04-10 12:13:11] EDIT yearbook/views/layout.html: -1
[2016-04-10 12:14:23] EDIT yearbook/views/layout.html: 0
[2016-04-10 12:16:01] EDIT yearbook/views/default/index.html: -46
[2016-04-10 12:24:18] EDIT yearbook/views/default/index.html: 1
[2016-04-10 12:24:30] EDIT yearbook/views/default/index.html: 0
[2016-04-10 12:24:41] EDIT yearbook/views/default/index.html: 0
[2016-04-10 12:49:02] EDIT yearbook/models/3_validators.py: -1
[2016-04-10 12:50:54] EDIT yearbook/models/2_tables.py: 1
[2016-04-10 12:51:30] EDIT yearbook/views/default/index.html: 1
[2016-04-10 13:03:38] CREATE user_layout.html: 0
[2016-04-10 13:16:13] EDIT yearbook/views/user_layout.html: 4
[2016-04-10 13:16:19] EDIT yearbook/views/user_layout.html: 0
[2016-04-10 13:16:43] EDIT yearbook/views/user_layout.html: 1
[2016-04-11 22:40:56] CREATE default/add_event.html: 0
[2016-04-11 22:44:11] EDIT yearbook_v2/views/default/add_event.html: 0
[2016-04-11 22:44:17] EDIT yearbook_v2/models/2_tables.py: 0
[2016-04-11 22:44:20] EDIT yearbook_v2/models/1_menu.py: 0
[2016-04-11 22:44:22] EDIT yearbook_v2/models/0_db.py: 0
[2016-04-11 22:44:23] EDIT yearbook_v2/controllers/default.py: 6
[2016-04-11 22:44:46] EDIT yearbook_v2/controllers/default.py: 0
[2016-04-11 22:44:55] EDIT yearbook_v2/controllers/default.py: 0
[2016-04-11 22:46:16] EDIT yearbook_v2/controllers/default.py: 0
[2016-04-11 22:46:17] EDIT yearbook_v2/controllers/default.py: 0
[2016-04-11 22:46:24] EDIT yearbook_v2/controllers/default.py: 0
[2016-04-11 22:46:34] EDIT yearbook_v2/controllers/default.py: 0
[2016-04-11 22:51:08] CREATE default/event.html: 0
