timestamp: 2016-03-21T14:08:47.278108
CREATE TABLE auth_user(
    id INTEGER PRIMARY KEY AUTOINCREMENT,
    first_name CHAR(128),
    last_name CHAR(128),
    email CHAR(512),
    password CHAR(512),
    registration_key CHAR(512),
    reset_password_key CHAR(512),
    registration_id CHAR(512)
);
success!
timestamp: 2016-03-21T14:08:47.472506
CREATE TABLE auth_group(
    id INTEGER PRIMARY KEY AUTOINCREMENT,
    role CHAR(512),
    description TEXT
);
success!
timestamp: 2016-03-21T14:08:47.666437
CREATE TABLE auth_membership(
    id INTEGER PRIMARY KEY AUTOINCREMENT,
    user_id INTEGER REFERENCES auth_user (id) ON DELETE CASCADE  ,
    group_id INTEGER REFERENCES auth_group (id) ON DELETE CASCADE  
);
success!
timestamp: 2016-03-21T14:08:47.866259
CREATE TABLE auth_permission(
    id INTEGER PRIMARY KEY AUTOINCREMENT,
    group_id INTEGER REFERENCES auth_group (id) ON DELETE CASCADE  ,
    name CHAR(512),
    table_name CHAR(512),
    record_id INTEGER
);
success!
timestamp: 2016-03-21T14:08:48.057980
CREATE TABLE auth_event(
    id INTEGER PRIMARY KEY AUTOINCREMENT,
    time_stamp TIMESTAMP,
    client_ip CHAR(512),
    user_id INTEGER REFERENCES auth_user (id) ON DELETE CASCADE  ,
    origin CHAR(512),
    description TEXT
);
success!
timestamp: 2016-03-21T14:08:48.261536
CREATE TABLE auth_cas(
    id INTEGER PRIMARY KEY AUTOINCREMENT,
    user_id INTEGER REFERENCES auth_user (id) ON DELETE CASCADE  ,
    created_on TIMESTAMP,
    service CHAR(512),
    ticket CHAR(512),
    renew CHAR(1)
);
success!
timestamp: 2016-04-05T15:58:28.302608
CREATE TABLE photo(
    id INTEGER PRIMARY KEY AUTOINCREMENT,
    image_field CHAR(512),
    caption CHAR(512),
    university CHAR(512),
    the_event CHAR(512),
    about_event TEXT
);
success!
timestamp: 2016-04-05T16:22:48.254317
ALTER TABLE photo ADD date_upload CHAR(512);
success!
timestamp: 2016-04-10T12:51:00.345338
ALTER TABLE auth_user ADD university CHAR(128);
timestamp: 2016-04-10T12:51:00.420565
ALTER TABLE auth_user ADD batch CHAR(512);
timestamp: 2016-04-10T12:51:00.487541
ALTER TABLE auth_user ADD about TEXT;
timestamp: 2016-04-10T12:51:00.554469
ALTER TABLE auth_user ADD dp CHAR(512);
success!
timestamp: 2016-04-10T12:51:00.640384
CREATE TABLE photos(
    id INTEGER PRIMARY KEY AUTOINCREMENT,
    image_field CHAR(512),
    caption CHAR(512),
    university CHAR(512),
    date_upload CHAR(512),
    the_event CHAR(512),
    about_event TEXT
);
success!
